2026-07-11 10:54:05,332 [INFO] main: ==========================================
2026-07-11 10:54:05,333 [INFO] main: GST 2A to Tally Purchase Import Converter
2026-07-11 10:54:05,333 [INFO] main: ==========================================
2026-07-11 10:54:05,333 [INFO] main: Target Input File: input\27AAKFH4657G1Z4_052025_R2A.xlsx
2026-07-11 10:54:05,333 [INFO] main: Step 1: Parsing input GSTR-2A B2B sheet...
2026-07-11 10:54:05,334 [INFO] converter.parser: Loading GSTR-2A workbook from input\27AAKFH4657G1Z4_052025_R2A.xlsx...
2026-07-11 10:54:05,379 [INFO] converter.parser: Successfully loaded B2B sheet. Total raw rows: 113
2026-07-11 10:54:05,397 [INFO] converter.parser: Finished parsing. Extracted 54 active rows (excluding summary total rows).
2026-07-11 10:54:05,398 [INFO] main: Step 2: Resolving supplier names from GSTINs...
2026-07-11 10:54:05,398 [INFO] main: Identified 8 unique GSTINs in data.
2026-07-11 10:54:05,399 [INFO] main: Step 3: Validating records against business rules...
2026-07-11 10:54:05,400 [INFO] converter.validator: Validation complete. Valid: 54, Errors: 0
2026-07-11 10:54:05,401 [INFO] main: Step 4: Mapping valid records to Tally columns...
2026-07-11 10:54:05,401 [INFO] converter.mapper: Grouping complete. Found 27 unique invoices from 54 rows.
2026-07-11 10:54:05,401 [INFO] converter.mapper: Mapping complete. Generated 54 rows for Tally import.
2026-07-11 10:54:05,402 [INFO] main: Step 5: Writing results to Excel...
2026-07-11 10:54:05,402 [INFO] converter.exporter: Copying template from templates\PURCHASE IMPORT MAY.xlsx to output\Purchase_Import_Output.xlsx...
2026-07-11 10:54:05,424 [INFO] converter.exporter: Caching styling from first data row...
2026-07-11 10:54:05,442 [INFO] converter.exporter: Clearing 52 sample data rows from Sheet2...
2026-07-11 10:54:05,443 [INFO] converter.exporter: Writing 54 mapped rows to Sheet2...
2026-07-11 10:54:05,873 [INFO] converter.exporter: Setting up the Errors worksheet...
2026-07-11 10:54:05,874 [INFO] converter.exporter: No errors encountered. Errors worksheet is empty.
2026-07-11 10:54:05,937 [INFO] converter.exporter: Output workbook successfully saved to output\Purchase_Import_Output.xlsx
2026-07-11 10:54:05,938 [INFO] main: ==========================================
2026-07-11 10:54:05,938 [INFO] main: CONVERSION STATUS SUMMARY
2026-07-11 10:54:05,938 [INFO] main: ==========================================
2026-07-11 10:54:05,938 [INFO] main: Total raw records parsed: 54
2026-07-11 10:54:05,938 [INFO] main: Valid records processed:  54
2026-07-11 10:54:05,939 [INFO] main: Total transactions mapped: 54
2026-07-11 10:54:05,939 [INFO] main: Total errors recorded:     0
2026-07-11 10:54:05,939 [INFO] main: Output File generated:    output\Purchase_Import_Output.xlsx
2026-07-11 10:54:05,939 [INFO] main: Conversion Logs saved to:  output/conversion.log
2026-07-11 10:54:05,939 [INFO] main: ==========================================
