2026-07-14 10:37:54,559 [INFO] converter.parser_2b: Loading GSTR-2B workbook from D:\CA-RMHStaffPortal\2A-2B convertion\uploads\input_2b_d47f9c37-1a48-42b9-94f4-9ffc634123c4.xlsx...
2026-07-14 10:37:54,703 [INFO] converter.parser_2b: Resolved column map: {'gstin': 1, 'trade_name': 2, 'invoice_num': 3, 'invoice_type': 4, 'invoice_date': 5, 'invoice_value': 6, 'place_of_supply': 7, 'reverse_charge': 8, 'taxable_value': 9, 'igst': 10, 'cgst': 11, 'sgst': 12}. Data starts at row index 10.
2026-07-14 10:37:54,738 [INFO] converter.parser_2b: Finished parsing. Extracted 32 active rows from GSTR-2B.
2026-07-14 10:38:04,172 [WARNING] gst_lookup: GSTIN 27AAFFA9215L1Z9 is reported as invalid or has empty name on GSTzen.
2026-07-14 10:38:04,789 [WARNING] gst_lookup: 2 GSTINs still unresolved, will retry: ['27AAFFA9215L1Z9', '27ABRPY6117C1ZA']
2026-07-14 10:38:09,923 [WARNING] gst_lookup: GSTIN 27AAFFA9215L1Z9 is reported as invalid or has empty name on GSTzen.
2026-07-14 10:38:10,164 [WARNING] gst_lookup: 1 GSTINs still unresolved, will retry: ['27AAFFA9215L1Z9']
2026-07-14 10:38:15,134 [WARNING] gst_lookup: GSTIN 27AAFFA9215L1Z9 is reported as invalid or has empty name on GSTzen.
2026-07-14 10:38:15,312 [ERROR] gst_lookup: Giving up on 1 GSTINs after 3 attempts: ['27AAFFA9215L1Z9']
2026-07-14 10:38:15,313 [WARNING] converter.validator: Row 11 (Invoice: 00369, GSTIN: 24AAACJ5315L1ZO) failed validation: Inter-state transaction with IGST=13755.78 is not supported by Tally template (no IGST columns)
2026-07-14 10:38:15,314 [WARNING] converter.validator: Row 14 (Invoice: 262, GSTIN: 27AAFFA9215L1Z9) failed validation: GSTIN lookup failed: Legal name could not be resolved from GSTzen
2026-07-14 10:38:15,315 [WARNING] converter.validator: Row 27 (Invoice: 252601745, GSTIN: 24AMOPP0282F1Z1) failed validation: Inter-state transaction with IGST=6156.0 is not supported by Tally template (no IGST columns)
2026-07-14 10:38:15,315 [WARNING] converter.validator: Row 28 (Invoice: 252601822, GSTIN: 24AMOPP0282F1Z1) failed validation: Inter-state transaction with IGST=6190.2 is not supported by Tally template (no IGST columns)
2026-07-14 10:38:15,316 [WARNING] converter.validator: Row 42 (Invoice: AL/25-26/1001, GSTIN: 24CUYPM4636G1Z4) failed validation: Inter-state transaction with IGST=6981.3 is not supported by Tally template (no IGST columns)
2026-07-14 10:38:15,316 [INFO] converter.validator: Validation complete. Valid: 27, Errors: 5
2026-07-14 10:38:15,316 [INFO] converter.mapper: Grouping complete. Found 27 unique invoices from 27 rows.
2026-07-14 10:38:15,317 [INFO] converter.mapper: Mapping complete. Generated 27 rows for Tally import.
2026-07-14 10:38:15,317 [INFO] converter.exporter: Copying template from D:\CA-RMHStaffPortal\2A-2B convertion\templates\PURCHASE IMPORT MAY.xlsx to D:\CA-RMHStaffPortal\2A-2B convertion\output\Purchase_Import_Output.xlsx...
2026-07-14 10:38:15,378 [INFO] converter.exporter: Caching styling from first data row...
2026-07-14 10:38:15,439 [INFO] converter.exporter: Clearing 52 sample data rows from Sheet2...
2026-07-14 10:38:15,442 [INFO] converter.exporter: Writing 27 mapped rows to Sheet2...
2026-07-14 10:38:16,224 [INFO] converter.exporter: Setting up the Errors worksheet...
2026-07-14 10:38:16,226 [INFO] converter.exporter: Writing 5 error rows to Errors sheet...
2026-07-14 10:38:16,367 [INFO] converter.exporter: Output workbook successfully saved to D:\CA-RMHStaffPortal\2A-2B convertion\output\Purchase_Import_Output.xlsx