2026-07-11 17:21:34,367 [INFO] converter.parser: Loading GSTR-2A workbook from D:\CA-RMHStaffPortal\2A-2B convertion\uploads\input_2a_66439bc7-dafe-4222-a854-608ea8000ddb.xlsx...
2026-07-11 17:21:34,450 [INFO] converter.parser: Successfully loaded B2B sheet. Total raw rows: 113
2026-07-11 17:21:34,483 [INFO] converter.parser: Finished parsing. Extracted 54 active rows (excluding summary total rows).
2026-07-11 17:21:34,484 [INFO] converter.validator: Validation complete. Valid: 54, Errors: 0
2026-07-11 17:21:34,485 [INFO] converter.mapper: Grouping complete. Found 27 unique invoices from 54 rows.
2026-07-11 17:21:34,485 [INFO] converter.mapper: Mapping complete. Generated 54 rows for Tally import.
2026-07-11 17:21:34,485 [INFO] converter.exporter: Copying template from D:\CA-RMHStaffPortal\2A-2B convertion\templates\PURCHASE IMPORT MAY.xlsx to D:\CA-RMHStaffPortal\2A-2B convertion\output\Dual_Test_Output_2A.xlsx...
2026-07-11 17:21:34,505 [INFO] converter.exporter: Caching styling from first data row...
2026-07-11 17:21:34,524 [INFO] converter.exporter: Clearing 52 sample data rows from Sheet2...
2026-07-11 17:21:34,525 [INFO] converter.exporter: Writing 54 mapped rows to Sheet2...
2026-07-11 17:21:35,115 [INFO] converter.exporter: Setting up the Errors worksheet...
2026-07-11 17:21:35,115 [INFO] converter.exporter: No errors encountered. Errors worksheet is empty.
2026-07-11 17:21:35,200 [INFO] converter.exporter: Output workbook successfully saved to D:\CA-RMHStaffPortal\2A-2B convertion\output\Dual_Test_Output_2A.xlsx
2026-07-11 17:21:35,201 [INFO] converter.parser: Loading GSTR-2A workbook from D:\CA-RMHStaffPortal\2A-2B convertion\uploads\input_2b_66439bc7-dafe-4222-a854-608ea8000ddb.xlsx...
2026-07-11 17:21:35,274 [INFO] converter.parser: Successfully loaded B2B sheet. Total raw rows: 113
2026-07-11 17:21:35,292 [INFO] converter.parser: Finished parsing. Extracted 54 active rows (excluding summary total rows).
2026-07-11 17:21:35,293 [INFO] converter.validator: Validation complete. Valid: 54, Errors: 0
2026-07-11 17:21:35,293 [INFO] converter.mapper: Grouping complete. Found 27 unique invoices from 54 rows.
2026-07-11 17:21:35,294 [INFO] converter.mapper: Mapping complete. Generated 54 rows for Tally import.
2026-07-11 17:21:35,294 [INFO] converter.exporter: Copying template from D:\CA-RMHStaffPortal\2A-2B convertion\templates\PURCHASE IMPORT MAY.xlsx to D:\CA-RMHStaffPortal\2A-2B convertion\output\Dual_Test_Output_2B.xlsx...
2026-07-11 17:21:35,317 [INFO] converter.exporter: Caching styling from first data row...
2026-07-11 17:21:35,342 [INFO] converter.exporter: Clearing 52 sample data rows from Sheet2...
2026-07-11 17:21:35,344 [INFO] converter.exporter: Writing 54 mapped rows to Sheet2...
2026-07-11 17:21:36,042 [INFO] converter.exporter: Setting up the Errors worksheet...
2026-07-11 17:21:36,043 [INFO] converter.exporter: No errors encountered. Errors worksheet is empty.
2026-07-11 17:21:36,101 [INFO] converter.exporter: Output workbook successfully saved to D:\CA-RMHStaffPortal\2A-2B convertion\output\Dual_Test_Output_2B.xlsx