2026-07-13 17:05:43,268 [INFO] converter.parser: Loading GSTR-2A workbook from D:\CA-RMHStaffPortal\2A-2B convertion\uploads\input_2a_167231f3-ba7a-42f8-92f6-c5400620df84.xlsx...
2026-07-13 17:05:43,797 [INFO] converter.parser: Successfully loaded B2B sheet. Total raw rows: 1935
2026-07-13 17:05:44,366 [INFO] converter.parser: Finished parsing. Extracted 854 active rows (excluding summary total rows).
2026-07-13 17:05:51,759 [WARNING] converter.validator: Row 25 (Invoice: 088400, GSTIN: 27ACXPR6128D1Z4) failed validation: GSTIN lookup failed: Legal name could not be resolved from GSTzen
2026-07-13 17:05:51,759 [WARNING] converter.validator: Row 26 (Invoice: 088400, GSTIN: 27ACXPR6128D1Z4) failed validation: GSTIN lookup failed: Legal name could not be resolved from GSTzen
2026-07-13 17:05:51,760 [WARNING] converter.validator: Row 29 (Invoice: 089378, GSTIN: 27ACXPR6128D1Z4) failed validation: GSTIN lookup failed: Legal name could not be resolved from GSTzen
2026-07-13 17:05:51,760 [WARNING] converter.validator: Row 32 (Invoice: 090931, GSTIN: 27ACXPR6128D1Z4) failed validation: GSTIN lookup failed: Legal name could not be resolved from GSTzen
2026-07-13 17:05:51,764 [WARNING] converter.validator: Row 390 (Invoice: S/3276, GSTIN: 27AMIPK1498A1Z4) failed validation: GSTIN lookup failed: Legal name could not be resolved from GSTzen
2026-07-13 17:05:51,764 [WARNING] converter.validator: Row 391 (Invoice: S/3276, GSTIN: 27AMIPK1498A1Z4) failed validation: GSTIN lookup failed: Legal name could not be resolved from GSTzen
2026-07-13 17:05:51,764 [WARNING] converter.validator: Row 392 (Invoice: S/3276, GSTIN: 27AMIPK1498A1Z4) failed validation: GSTIN lookup failed: Legal name could not be resolved from GSTzen
2026-07-13 17:05:51,764 [WARNING] converter.validator: Row 393 (Invoice: S/3276, GSTIN: 27AMIPK1498A1Z4) failed validation: GSTIN lookup failed: Legal name could not be resolved from GSTzen
2026-07-13 17:05:51,764 [WARNING] converter.validator: Row 396 (Invoice: S/3591, GSTIN: 27AMIPK1498A1Z4) failed validation: GSTIN lookup failed: Legal name could not be resolved from GSTzen
2026-07-13 17:05:51,765 [WARNING] converter.validator: Row 397 (Invoice: S/3591, GSTIN: 27AMIPK1498A1Z4) failed validation: GSTIN lookup failed: Legal name could not be resolved from GSTzen
2026-07-13 17:05:51,765 [WARNING] converter.validator: Row 398 (Invoice: S/3591, GSTIN: 27AMIPK1498A1Z4) failed validation: GSTIN lookup failed: Legal name could not be resolved from GSTzen
2026-07-13 17:05:51,766 [WARNING] converter.validator: Row 483 (Invoice: JJME2514493, GSTIN: 27ABQPM6307F1ZH) failed validation: GSTIN lookup failed: Legal name could not be resolved from GSTzen
2026-07-13 17:05:51,766 [WARNING] converter.validator: Row 486 (Invoice: JJME2515348, GSTIN: 27ABQPM6307F1ZH) failed validation: GSTIN lookup failed: Legal name could not be resolved from GSTzen
2026-07-13 17:05:51,766 [WARNING] converter.validator: Row 487 (Invoice: JJME2515348, GSTIN: 27ABQPM6307F1ZH) failed validation: GSTIN lookup failed: Legal name could not be resolved from GSTzen
2026-07-13 17:05:51,766 [WARNING] converter.validator: Row 490 (Invoice: JJME2517439, GSTIN: 27ABQPM6307F1ZH) failed validation: GSTIN lookup failed: Legal name could not be resolved from GSTzen
2026-07-13 17:05:51,766 [WARNING] converter.validator: Row 491 (Invoice: JJME2517439, GSTIN: 27ABQPM6307F1ZH) failed validation: GSTIN lookup failed: Legal name could not be resolved from GSTzen
2026-07-13 17:05:51,767 [WARNING] converter.validator: Row 492 (Invoice: JJME2517439, GSTIN: 27ABQPM6307F1ZH) failed validation: GSTIN lookup failed: Legal name could not be resolved from GSTzen
2026-07-13 17:05:51,768 [WARNING] converter.validator: Row 671 (Invoice: S/240854, GSTIN: 27AAHCG0228L1ZK) failed validation: GSTIN lookup failed: Legal name could not be resolved from GSTzen
2026-07-13 17:05:51,768 [WARNING] converter.validator: Row 674 (Invoice: S/241474, GSTIN: 27AAHCG0228L1ZK) failed validation: GSTIN lookup failed: Legal name could not be resolved from GSTzen
2026-07-13 17:05:51,768 [WARNING] converter.validator: Row 677 (Invoice: S/241682, GSTIN: 27AAHCG0228L1ZK) failed validation: GSTIN lookup failed: Legal name could not be resolved from GSTzen
2026-07-13 17:05:51,768 [WARNING] converter.validator: Row 680 (Invoice: S/241778, GSTIN: 27AAHCG0228L1ZK) failed validation: GSTIN lookup failed: Legal name could not be resolved from GSTzen
2026-07-13 17:05:51,768 [WARNING] converter.validator: Row 683 (Invoice: S/245741, GSTIN: 27AAHCG0228L1ZK) failed validation: GSTIN lookup failed: Legal name could not be resolved from GSTzen
2026-07-13 17:05:51,769 [WARNING] converter.validator: Row 684 (Invoice: S/245741, GSTIN: 27AAHCG0228L1ZK) failed validation: GSTIN lookup failed: Legal name could not be resolved from GSTzen
2026-07-13 17:05:51,769 [WARNING] converter.validator: Row 687 (Invoice: S/246198, GSTIN: 27AAHCG0228L1ZK) failed validation: GSTIN lookup failed: Legal name could not be resolved from GSTzen
2026-07-13 17:05:51,769 [WARNING] converter.validator: Row 690 (Invoice: S/251638, GSTIN: 27AAHCG0228L1ZK) failed validation: GSTIN lookup failed: Legal name could not be resolved from GSTzen
2026-07-13 17:05:51,769 [WARNING] converter.validator: Row 693 (Invoice: S/251639, GSTIN: 27AAHCG0228L1ZK) failed validation: GSTIN lookup failed: Legal name could not be resolved from GSTzen
2026-07-13 17:05:51,769 [WARNING] converter.validator: Row 696 (Invoice: S/251640, GSTIN: 27AAHCG0228L1ZK) failed validation: GSTIN lookup failed: Legal name could not be resolved from GSTzen
2026-07-13 17:05:51,769 [WARNING] converter.validator: Row 699 (Invoice: S/259647, GSTIN: 27AAHCG0228L1ZK) failed validation: GSTIN lookup failed: Legal name could not be resolved from GSTzen
2026-07-13 17:05:51,769 [WARNING] converter.validator: Row 702 (Invoice: S/272245, GSTIN: 27AAHCG0228L1ZK) failed validation: GSTIN lookup failed: Legal name could not be resolved from GSTzen
2026-07-13 17:05:51,769 [WARNING] converter.validator: Row 705 (Invoice: S/282006, GSTIN: 27AAHCG0228L1ZK) failed validation: GSTIN lookup failed: Legal name could not be resolved from GSTzen
2026-07-13 17:05:51,769 [WARNING] converter.validator: Row 706 (Invoice: S/282006, GSTIN: 27AAHCG0228L1ZK) failed validation: GSTIN lookup failed: Legal name could not be resolved from GSTzen
2026-07-13 17:05:51,769 [WARNING] converter.validator: Row 709 (Invoice: S/288514, GSTIN: 27AAHCG0228L1ZK) failed validation: GSTIN lookup failed: Legal name could not be resolved from GSTzen
2026-07-13 17:05:51,769 [WARNING] converter.validator: Row 710 (Invoice: S/288514, GSTIN: 27AAHCG0228L1ZK) failed validation: GSTIN lookup failed: Legal name could not be resolved from GSTzen
2026-07-13 17:05:51,770 [WARNING] converter.validator: Row 713 (Invoice: S/292165, GSTIN: 27AAHCG0228L1ZK) failed validation: GSTIN lookup failed: Legal name could not be resolved from GSTzen
2026-07-13 17:05:51,770 [WARNING] converter.validator: Row 716 (Invoice: S/294779, GSTIN: 27AAHCG0228L1ZK) failed validation: GSTIN lookup failed: Legal name could not be resolved from GSTzen
2026-07-13 17:05:51,771 [WARNING] converter.validator: Row 833 (Invoice: S/11400/25-26, GSTIN: 27AAJCC8507G1ZJ) failed validation: GSTIN lookup failed: Legal name could not be resolved from GSTzen
2026-07-13 17:05:51,771 [WARNING] converter.validator: Row 834 (Invoice: S/11400/25-26, GSTIN: 27AAJCC8507G1ZJ) failed validation: GSTIN lookup failed: Legal name could not be resolved from GSTzen
2026-07-13 17:05:51,771 [WARNING] converter.validator: Row 855 (Invoice: R/100549, GSTIN: 27AAZCS8257R1ZT) failed validation: GSTIN lookup failed: Legal name could not be resolved from GSTzen
2026-07-13 17:05:51,771 [WARNING] converter.validator: Row 856 (Invoice: R/100549, GSTIN: 27AAZCS8257R1ZT) failed validation: GSTIN lookup failed: Legal name could not be resolved from GSTzen
2026-07-13 17:05:51,771 [WARNING] converter.validator: Row 857 (Invoice: R/100549, GSTIN: 27AAZCS8257R1ZT) failed validation: GSTIN lookup failed: Legal name could not be resolved from GSTzen
2026-07-13 17:05:51,772 [WARNING] converter.validator: Row 860 (Invoice: R/100550, GSTIN: 27AAZCS8257R1ZT) failed validation: GSTIN lookup failed: Legal name could not be resolved from GSTzen
2026-07-13 17:05:51,772 [WARNING] converter.validator: Row 863 (Invoice: R/102501, GSTIN: 27AAZCS8257R1ZT) failed validation: GSTIN lookup failed: Legal name could not be resolved from GSTzen
2026-07-13 17:05:51,772 [WARNING] converter.validator: Row 864 (Invoice: R/102501, GSTIN: 27AAZCS8257R1ZT) failed validation: GSTIN lookup failed: Legal name could not be resolved from GSTzen
2026-07-13 17:05:51,772 [WARNING] converter.validator: Row 867 (Invoice: R/103520, GSTIN: 27AAZCS8257R1ZT) failed validation: GSTIN lookup failed: Legal name could not be resolved from GSTzen
2026-07-13 17:05:51,772 [WARNING] converter.validator: Row 868 (Invoice: R/103520, GSTIN: 27AAZCS8257R1ZT) failed validation: GSTIN lookup failed: Legal name could not be resolved from GSTzen
2026-07-13 17:05:51,772 [WARNING] converter.validator: Row 871 (Invoice: R/103521, GSTIN: 27AAZCS8257R1ZT) failed validation: GSTIN lookup failed: Legal name could not be resolved from GSTzen
2026-07-13 17:05:51,772 [WARNING] converter.validator: Row 874 (Invoice: R/104587, GSTIN: 27AAZCS8257R1ZT) failed validation: GSTIN lookup failed: Legal name could not be resolved from GSTzen
2026-07-13 17:05:51,773 [WARNING] converter.validator: Row 875 (Invoice: R/104587, GSTIN: 27AAZCS8257R1ZT) failed validation: GSTIN lookup failed: Legal name could not be resolved from GSTzen
2026-07-13 17:05:51,773 [WARNING] converter.validator: Row 878 (Invoice: R/105797, GSTIN: 27AAZCS8257R1ZT) failed validation: GSTIN lookup failed: Legal name could not be resolved from GSTzen
2026-07-13 17:05:51,773 [WARNING] converter.validator: Row 879 (Invoice: R/105797, GSTIN: 27AAZCS8257R1ZT) failed validation: GSTIN lookup failed: Legal name could not be resolved from GSTzen
2026-07-13 17:05:51,773 [WARNING] converter.validator: Row 882 (Invoice: R/105798, GSTIN: 27AAZCS8257R1ZT) failed validation: GSTIN lookup failed: Legal name could not be resolved from GSTzen
2026-07-13 17:05:51,773 [WARNING] converter.validator: Row 885 (Invoice: R/109508, GSTIN: 27AAZCS8257R1ZT) failed validation: GSTIN lookup failed: Legal name could not be resolved from GSTzen
2026-07-13 17:05:51,773 [WARNING] converter.validator: Row 886 (Invoice: R/109508, GSTIN: 27AAZCS8257R1ZT) failed validation: GSTIN lookup failed: Legal name could not be resolved from GSTzen
2026-07-13 17:05:51,774 [WARNING] converter.validator: Row 889 (Invoice: R/110675, GSTIN: 27AAZCS8257R1ZT) failed validation: GSTIN lookup failed: Legal name could not be resolved from GSTzen
2026-07-13 17:05:51,774 [WARNING] converter.validator: Row 890 (Invoice: R/110675, GSTIN: 27AAZCS8257R1ZT) failed validation: GSTIN lookup failed: Legal name could not be resolved from GSTzen
2026-07-13 17:05:51,774 [WARNING] converter.validator: Row 893 (Invoice: R/111802, GSTIN: 27AAZCS8257R1ZT) failed validation: GSTIN lookup failed: Legal name could not be resolved from GSTzen
2026-07-13 17:05:51,774 [WARNING] converter.validator: Row 894 (Invoice: R/111802, GSTIN: 27AAZCS8257R1ZT) failed validation: GSTIN lookup failed: Legal name could not be resolved from GSTzen
2026-07-13 17:05:51,774 [WARNING] converter.validator: Row 897 (Invoice: R/112558, GSTIN: 27AAZCS8257R1ZT) failed validation: GSTIN lookup failed: Legal name could not be resolved from GSTzen
2026-07-13 17:05:51,774 [WARNING] converter.validator: Row 898 (Invoice: R/112558, GSTIN: 27AAZCS8257R1ZT) failed validation: GSTIN lookup failed: Legal name could not be resolved from GSTzen
2026-07-13 17:05:51,774 [WARNING] converter.validator: Row 901 (Invoice: R/112787, GSTIN: 27AAZCS8257R1ZT) failed validation: GSTIN lookup failed: Legal name could not be resolved from GSTzen
2026-07-13 17:05:51,774 [WARNING] converter.validator: Row 902 (Invoice: R/112787, GSTIN: 27AAZCS8257R1ZT) failed validation: GSTIN lookup failed: Legal name could not be resolved from GSTzen
2026-07-13 17:05:51,774 [WARNING] converter.validator: Row 905 (Invoice: R/113491, GSTIN: 27AAZCS8257R1ZT) failed validation: GSTIN lookup failed: Legal name could not be resolved from GSTzen
2026-07-13 17:05:51,775 [WARNING] converter.validator: Row 906 (Invoice: R/113491, GSTIN: 27AAZCS8257R1ZT) failed validation: GSTIN lookup failed: Legal name could not be resolved from GSTzen
2026-07-13 17:05:51,775 [WARNING] converter.validator: Row 909 (Invoice: R/113535, GSTIN: 27AAZCS8257R1ZT) failed validation: GSTIN lookup failed: Legal name could not be resolved from GSTzen
2026-07-13 17:05:51,775 [WARNING] converter.validator: Row 910 (Invoice: R/113535, GSTIN: 27AAZCS8257R1ZT) failed validation: GSTIN lookup failed: Legal name could not be resolved from GSTzen
2026-07-13 17:05:51,775 [WARNING] converter.validator: Row 913 (Invoice: R/114742, GSTIN: 27AAZCS8257R1ZT) failed validation: GSTIN lookup failed: Legal name could not be resolved from GSTzen
2026-07-13 17:05:51,775 [WARNING] converter.validator: Row 916 (Invoice: R/115499, GSTIN: 27AAZCS8257R1ZT) failed validation: GSTIN lookup failed: Legal name could not be resolved from GSTzen
2026-07-13 17:05:51,775 [WARNING] converter.validator: Row 917 (Invoice: R/115499, GSTIN: 27AAZCS8257R1ZT) failed validation: GSTIN lookup failed: Legal name could not be resolved from GSTzen
2026-07-13 17:05:51,775 [WARNING] converter.validator: Row 920 (Invoice: R/116458, GSTIN: 27AAZCS8257R1ZT) failed validation: GSTIN lookup failed: Legal name could not be resolved from GSTzen
2026-07-13 17:05:51,775 [WARNING] converter.validator: Row 921 (Invoice: R/116458, GSTIN: 27AAZCS8257R1ZT) failed validation: GSTIN lookup failed: Legal name could not be resolved from GSTzen
2026-07-13 17:05:51,776 [WARNING] converter.validator: Row 924 (Invoice: R/94207, GSTIN: 27AAZCS8257R1ZT) failed validation: GSTIN lookup failed: Legal name could not be resolved from GSTzen
2026-07-13 17:05:51,776 [WARNING] converter.validator: Row 925 (Invoice: R/94207, GSTIN: 27AAZCS8257R1ZT) failed validation: GSTIN lookup failed: Legal name could not be resolved from GSTzen
2026-07-13 17:05:51,776 [WARNING] converter.validator: Row 928 (Invoice: R/95087, GSTIN: 27AAZCS8257R1ZT) failed validation: GSTIN lookup failed: Legal name could not be resolved from GSTzen
2026-07-13 17:05:51,776 [WARNING] converter.validator: Row 929 (Invoice: R/95087, GSTIN: 27AAZCS8257R1ZT) failed validation: GSTIN lookup failed: Legal name could not be resolved from GSTzen
2026-07-13 17:05:51,776 [WARNING] converter.validator: Row 932 (Invoice: R/96531, GSTIN: 27AAZCS8257R1ZT) failed validation: GSTIN lookup failed: Legal name could not be resolved from GSTzen
2026-07-13 17:05:51,776 [WARNING] converter.validator: Row 933 (Invoice: R/96531, GSTIN: 27AAZCS8257R1ZT) failed validation: GSTIN lookup failed: Legal name could not be resolved from GSTzen
2026-07-13 17:05:51,777 [WARNING] converter.validator: Row 936 (Invoice: R/97416, GSTIN: 27AAZCS8257R1ZT) failed validation: GSTIN lookup failed: Legal name could not be resolved from GSTzen
2026-07-13 17:05:51,777 [WARNING] converter.validator: Row 939 (Invoice: R/98564, GSTIN: 27AAZCS8257R1ZT) failed validation: GSTIN lookup failed: Legal name could not be resolved from GSTzen
2026-07-13 17:05:51,777 [WARNING] converter.validator: Row 942 (Invoice: R/99561, GSTIN: 27AAZCS8257R1ZT) failed validation: GSTIN lookup failed: Legal name could not be resolved from GSTzen
2026-07-13 17:05:51,777 [WARNING] converter.validator: Row 943 (Invoice: R/99561, GSTIN: 27AAZCS8257R1ZT) failed validation: GSTIN lookup failed: Legal name could not be resolved from GSTzen
2026-07-13 17:05:51,781 [WARNING] converter.validator: Row 1167 (Invoice: R/31844, GSTIN: 27AAAFK3060G1ZO) failed validation: GSTIN lookup failed: Legal name could not be resolved from GSTzen
2026-07-13 17:05:51,781 [WARNING] converter.validator: Row 1168 (Invoice: R/31844, GSTIN: 27AAAFK3060G1ZO) failed validation: GSTIN lookup failed: Legal name could not be resolved from GSTzen
2026-07-13 17:05:51,781 [WARNING] converter.validator: Row 1171 (Invoice: R/31845, GSTIN: 27AAAFK3060G1ZO) failed validation: GSTIN lookup failed: Legal name could not be resolved from GSTzen
2026-07-13 17:05:51,781 [WARNING] converter.validator: Row 1172 (Invoice: R/31845, GSTIN: 27AAAFK3060G1ZO) failed validation: GSTIN lookup failed: Legal name could not be resolved from GSTzen
2026-07-13 17:05:51,781 [WARNING] converter.validator: Row 1175 (Invoice: R/32142, GSTIN: 27AAAFK3060G1ZO) failed validation: GSTIN lookup failed: Legal name could not be resolved from GSTzen
2026-07-13 17:05:51,781 [WARNING] converter.validator: Row 1176 (Invoice: R/32142, GSTIN: 27AAAFK3060G1ZO) failed validation: GSTIN lookup failed: Legal name could not be resolved from GSTzen
2026-07-13 17:05:51,781 [WARNING] converter.validator: Row 1179 (Invoice: R/32143, GSTIN: 27AAAFK3060G1ZO) failed validation: GSTIN lookup failed: Legal name could not be resolved from GSTzen
2026-07-13 17:05:51,782 [WARNING] converter.validator: Row 1180 (Invoice: R/32143, GSTIN: 27AAAFK3060G1ZO) failed validation: GSTIN lookup failed: Legal name could not be resolved from GSTzen
2026-07-13 17:05:51,782 [WARNING] converter.validator: Row 1183 (Invoice: R/32167, GSTIN: 27AAAFK3060G1ZO) failed validation: GSTIN lookup failed: Legal name could not be resolved from GSTzen
2026-07-13 17:05:51,782 [WARNING] converter.validator: Row 1184 (Invoice: R/32167, GSTIN: 27AAAFK3060G1ZO) failed validation: GSTIN lookup failed: Legal name could not be resolved from GSTzen
2026-07-13 17:05:51,782 [WARNING] converter.validator: Row 1187 (Invoice: R/32178, GSTIN: 27AAAFK3060G1ZO) failed validation: GSTIN lookup failed: Legal name could not be resolved from GSTzen
2026-07-13 17:05:51,782 [WARNING] converter.validator: Row 1188 (Invoice: R/32178, GSTIN: 27AAAFK3060G1ZO) failed validation: GSTIN lookup failed: Legal name could not be resolved from GSTzen
2026-07-13 17:05:51,782 [WARNING] converter.validator: Row 1191 (Invoice: R/32628, GSTIN: 27AAAFK3060G1ZO) failed validation: GSTIN lookup failed: Legal name could not be resolved from GSTzen
2026-07-13 17:05:51,782 [WARNING] converter.validator: Row 1192 (Invoice: R/32628, GSTIN: 27AAAFK3060G1ZO) failed validation: GSTIN lookup failed: Legal name could not be resolved from GSTzen
2026-07-13 17:05:51,783 [WARNING] converter.validator: Row 1195 (Invoice: R/32629, GSTIN: 27AAAFK3060G1ZO) failed validation: GSTIN lookup failed: Legal name could not be resolved from GSTzen
2026-07-13 17:05:51,783 [WARNING] converter.validator: Row 1196 (Invoice: R/32629, GSTIN: 27AAAFK3060G1ZO) failed validation: GSTIN lookup failed: Legal name could not be resolved from GSTzen
2026-07-13 17:05:51,783 [WARNING] converter.validator: Row 1199 (Invoice: R/32648, GSTIN: 27AAAFK3060G1ZO) failed validation: GSTIN lookup failed: Legal name could not be resolved from GSTzen
2026-07-13 17:05:51,783 [WARNING] converter.validator: Row 1200 (Invoice: R/32648, GSTIN: 27AAAFK3060G1ZO) failed validation: GSTIN lookup failed: Legal name could not be resolved from GSTzen
2026-07-13 17:05:51,783 [WARNING] converter.validator: Row 1203 (Invoice: R/33001, GSTIN: 27AAAFK3060G1ZO) failed validation: GSTIN lookup failed: Legal name could not be resolved from GSTzen
2026-07-13 17:05:51,783 [WARNING] converter.validator: Row 1206 (Invoice: R/33287, GSTIN: 27AAAFK3060G1ZO) failed validation: GSTIN lookup failed: Legal name could not be resolved from GSTzen
2026-07-13 17:05:51,783 [WARNING] converter.validator: Row 1209 (Invoice: R/33288, GSTIN: 27AAAFK3060G1ZO) failed validation: GSTIN lookup failed: Legal name could not be resolved from GSTzen
2026-07-13 17:05:51,783 [WARNING] converter.validator: Row 1212 (Invoice: R/33309, GSTIN: 27AAAFK3060G1ZO) failed validation: GSTIN lookup failed: Legal name could not be resolved from GSTzen
2026-07-13 17:05:51,784 [WARNING] converter.validator: Row 1215 (Invoice: R/33321, GSTIN: 27AAAFK3060G1ZO) failed validation: GSTIN lookup failed: Legal name could not be resolved from GSTzen
2026-07-13 17:05:51,784 [WARNING] converter.validator: Row 1218 (Invoice: R/33662, GSTIN: 27AAAFK3060G1ZO) failed validation: GSTIN lookup failed: Legal name could not be resolved from GSTzen
2026-07-13 17:05:51,784 [WARNING] converter.validator: Row 1221 (Invoice: R/33673, GSTIN: 27AAAFK3060G1ZO) failed validation: GSTIN lookup failed: Legal name could not be resolved from GSTzen
2026-07-13 17:05:51,784 [WARNING] converter.validator: Row 1224 (Invoice: R/33992, GSTIN: 27AAAFK3060G1ZO) failed validation: GSTIN lookup failed: Legal name could not be resolved from GSTzen
2026-07-13 17:05:51,784 [WARNING] converter.validator: Row 1225 (Invoice: R/33992, GSTIN: 27AAAFK3060G1ZO) failed validation: GSTIN lookup failed: Legal name could not be resolved from GSTzen
2026-07-13 17:05:51,784 [WARNING] converter.validator: Row 1228 (Invoice: R/33993, GSTIN: 27AAAFK3060G1ZO) failed validation: GSTIN lookup failed: Legal name could not be resolved from GSTzen
2026-07-13 17:05:51,784 [WARNING] converter.validator: Row 1229 (Invoice: R/33993, GSTIN: 27AAAFK3060G1ZO) failed validation: GSTIN lookup failed: Legal name could not be resolved from GSTzen
2026-07-13 17:05:51,785 [WARNING] converter.validator: Row 1232 (Invoice: R/34303, GSTIN: 27AAAFK3060G1ZO) failed validation: GSTIN lookup failed: Legal name could not be resolved from GSTzen
2026-07-13 17:05:51,785 [WARNING] converter.validator: Row 1233 (Invoice: R/34303, GSTIN: 27AAAFK3060G1ZO) failed validation: GSTIN lookup failed: Legal name could not be resolved from GSTzen
2026-07-13 17:05:51,785 [WARNING] converter.validator: Row 1236 (Invoice: R/34331, GSTIN: 27AAAFK3060G1ZO) failed validation: GSTIN lookup failed: Legal name could not be resolved from GSTzen
2026-07-13 17:05:51,785 [WARNING] converter.validator: Row 1237 (Invoice: R/34331, GSTIN: 27AAAFK3060G1ZO) failed validation: GSTIN lookup failed: Legal name could not be resolved from GSTzen
2026-07-13 17:05:51,785 [WARNING] converter.validator: Row 1240 (Invoice: R/34777, GSTIN: 27AAAFK3060G1ZO) failed validation: GSTIN lookup failed: Legal name could not be resolved from GSTzen
2026-07-13 17:05:51,785 [WARNING] converter.validator: Row 1243 (Invoice: R/34778, GSTIN: 27AAAFK3060G1ZO) failed validation: GSTIN lookup failed: Legal name could not be resolved from GSTzen
2026-07-13 17:05:51,785 [WARNING] converter.validator: Row 1246 (Invoice: R/35129, GSTIN: 27AAAFK3060G1ZO) failed validation: GSTIN lookup failed: Legal name could not be resolved from GSTzen
2026-07-13 17:05:51,785 [WARNING] converter.validator: Row 1247 (Invoice: R/35129, GSTIN: 27AAAFK3060G1ZO) failed validation: GSTIN lookup failed: Legal name could not be resolved from GSTzen
2026-07-13 17:05:51,786 [WARNING] converter.validator: Row 1250 (Invoice: R/35130, GSTIN: 27AAAFK3060G1ZO) failed validation: GSTIN lookup failed: Legal name could not be resolved from GSTzen
2026-07-13 17:05:51,786 [WARNING] converter.validator: Row 1253 (Invoice: R/35473, GSTIN: 27AAAFK3060G1ZO) failed validation: GSTIN lookup failed: Legal name could not be resolved from GSTzen
2026-07-13 17:05:51,786 [WARNING] converter.validator: Row 1256 (Invoice: R/35474, GSTIN: 27AAAFK3060G1ZO) failed validation: GSTIN lookup failed: Legal name could not be resolved from GSTzen
2026-07-13 17:05:51,786 [WARNING] converter.validator: Row 1257 (Invoice: R/35474, GSTIN: 27AAAFK3060G1ZO) failed validation: GSTIN lookup failed: Legal name could not be resolved from GSTzen
2026-07-13 17:05:51,786 [WARNING] converter.validator: Row 1260 (Invoice: R/35796, GSTIN: 27AAAFK3060G1ZO) failed validation: GSTIN lookup failed: Legal name could not be resolved from GSTzen
2026-07-13 17:05:51,786 [WARNING] converter.validator: Row 1263 (Invoice: R/35839, GSTIN: 27AAAFK3060G1ZO) failed validation: GSTIN lookup failed: Legal name could not be resolved from GSTzen
2026-07-13 17:05:51,786 [WARNING] converter.validator: Row 1266 (Invoice: R/36042, GSTIN: 27AAAFK3060G1ZO) failed validation: GSTIN lookup failed: Legal name could not be resolved from GSTzen
2026-07-13 17:05:51,787 [WARNING] converter.validator: Row 1267 (Invoice: R/36042, GSTIN: 27AAAFK3060G1ZO) failed validation: GSTIN lookup failed: Legal name could not be resolved from GSTzen
2026-07-13 17:05:51,787 [WARNING] converter.validator: Row 1270 (Invoice: R/36043, GSTIN: 27AAAFK3060G1ZO) failed validation: GSTIN lookup failed: Legal name could not be resolved from GSTzen
2026-07-13 17:05:51,787 [WARNING] converter.validator: Row 1271 (Invoice: R/36043, GSTIN: 27AAAFK3060G1ZO) failed validation: GSTIN lookup failed: Legal name could not be resolved from GSTzen
2026-07-13 17:05:51,787 [WARNING] converter.validator: Row 1274 (Invoice: R/36266, GSTIN: 27AAAFK3060G1ZO) failed validation: GSTIN lookup failed: Legal name could not be resolved from GSTzen
2026-07-13 17:05:51,787 [WARNING] converter.validator: Row 1277 (Invoice: R/36267, GSTIN: 27AAAFK3060G1ZO) failed validation: GSTIN lookup failed: Legal name could not be resolved from GSTzen
2026-07-13 17:05:51,787 [WARNING] converter.validator: Row 1278 (Invoice: R/36267, GSTIN: 27AAAFK3060G1ZO) failed validation: GSTIN lookup failed: Legal name could not be resolved from GSTzen
2026-07-13 17:05:51,787 [WARNING] converter.validator: Row 1281 (Invoice: R/36686, GSTIN: 27AAAFK3060G1ZO) failed validation: GSTIN lookup failed: Legal name could not be resolved from GSTzen
2026-07-13 17:05:51,788 [WARNING] converter.validator: Row 1282 (Invoice: R/36686, GSTIN: 27AAAFK3060G1ZO) failed validation: GSTIN lookup failed: Legal name could not be resolved from GSTzen
2026-07-13 17:05:51,788 [WARNING] converter.validator: Row 1285 (Invoice: R/36687, GSTIN: 27AAAFK3060G1ZO) failed validation: GSTIN lookup failed: Legal name could not be resolved from GSTzen
2026-07-13 17:05:51,788 [WARNING] converter.validator: Row 1288 (Invoice: R/37528, GSTIN: 27AAAFK3060G1ZO) failed validation: GSTIN lookup failed: Legal name could not be resolved from GSTzen
2026-07-13 17:05:51,788 [WARNING] converter.validator: Row 1289 (Invoice: R/37528, GSTIN: 27AAAFK3060G1ZO) failed validation: GSTIN lookup failed: Legal name could not be resolved from GSTzen
2026-07-13 17:05:51,788 [WARNING] converter.validator: Row 1292 (Invoice: R/37911, GSTIN: 27AAAFK3060G1ZO) failed validation: GSTIN lookup failed: Legal name could not be resolved from GSTzen
2026-07-13 17:05:51,788 [WARNING] converter.validator: Row 1293 (Invoice: R/37911, GSTIN: 27AAAFK3060G1ZO) failed validation: GSTIN lookup failed: Legal name could not be resolved from GSTzen
2026-07-13 17:05:51,788 [WARNING] converter.validator: Row 1296 (Invoice: R/38176, GSTIN: 27AAAFK3060G1ZO) failed validation: GSTIN lookup failed: Legal name could not be resolved from GSTzen
2026-07-13 17:05:51,788 [WARNING] converter.validator: Row 1299 (Invoice: R/38187, GSTIN: 27AAAFK3060G1ZO) failed validation: GSTIN lookup failed: Legal name could not be resolved from GSTzen
2026-07-13 17:05:51,789 [WARNING] converter.validator: Row 1300 (Invoice: R/38187, GSTIN: 27AAAFK3060G1ZO) failed validation: GSTIN lookup failed: Legal name could not be resolved from GSTzen
2026-07-13 17:05:51,789 [WARNING] converter.validator: Row 1303 (Invoice: R/38533, GSTIN: 27AAAFK3060G1ZO) failed validation: GSTIN lookup failed: Legal name could not be resolved from GSTzen
2026-07-13 17:05:51,789 [WARNING] converter.validator: Row 1304 (Invoice: R/38533, GSTIN: 27AAAFK3060G1ZO) failed validation: GSTIN lookup failed: Legal name could not be resolved from GSTzen
2026-07-13 17:05:51,789 [WARNING] converter.validator: Row 1307 (Invoice: R/38534, GSTIN: 27AAAFK3060G1ZO) failed validation: GSTIN lookup failed: Legal name could not be resolved from GSTzen
2026-07-13 17:05:51,789 [WARNING] converter.validator: Row 1310 (Invoice: R/38780, GSTIN: 27AAAFK3060G1ZO) failed validation: GSTIN lookup failed: Legal name could not be resolved from GSTzen
2026-07-13 17:05:51,789 [WARNING] converter.validator: Row 1313 (Invoice: R/38793, GSTIN: 27AAAFK3060G1ZO) failed validation: GSTIN lookup failed: Legal name could not be resolved from GSTzen
2026-07-13 17:05:51,789 [WARNING] converter.validator: Row 1316 (Invoice: R/38804, GSTIN: 27AAAFK3060G1ZO) failed validation: GSTIN lookup failed: Legal name could not be resolved from GSTzen
2026-07-13 17:05:51,790 [WARNING] converter.validator: Row 1317 (Invoice: R/38804, GSTIN: 27AAAFK3060G1ZO) failed validation: GSTIN lookup failed: Legal name could not be resolved from GSTzen
2026-07-13 17:05:51,790 [WARNING] converter.validator: Row 1320 (Invoice: R/39163, GSTIN: 27AAAFK3060G1ZO) failed validation: GSTIN lookup failed: Legal name could not be resolved from GSTzen
2026-07-13 17:05:51,790 [WARNING] converter.validator: Row 1323 (Invoice: R/39164, GSTIN: 27AAAFK3060G1ZO) failed validation: GSTIN lookup failed: Legal name could not be resolved from GSTzen
2026-07-13 17:05:51,790 [WARNING] converter.validator: Row 1326 (Invoice: R/39458, GSTIN: 27AAAFK3060G1ZO) failed validation: GSTIN lookup failed: Legal name could not be resolved from GSTzen
2026-07-13 17:05:51,791 [WARNING] converter.validator: Row 1327 (Invoice: R/39458, GSTIN: 27AAAFK3060G1ZO) failed validation: GSTIN lookup failed: Legal name could not be resolved from GSTzen
2026-07-13 17:05:51,791 [WARNING] converter.validator: Row 1328 (Invoice: R/39458, GSTIN: 27AAAFK3060G1ZO) failed validation: GSTIN lookup failed: Legal name could not be resolved from GSTzen
2026-07-13 17:05:51,791 [WARNING] converter.validator: Row 1331 (Invoice: R/39755, GSTIN: 27AAAFK3060G1ZO) failed validation: GSTIN lookup failed: Legal name could not be resolved from GSTzen
2026-07-13 17:05:51,791 [WARNING] converter.validator: Row 1332 (Invoice: R/39755, GSTIN: 27AAAFK3060G1ZO) failed validation: GSTIN lookup failed: Legal name could not be resolved from GSTzen
2026-07-13 17:05:51,796 [WARNING] converter.validator: Row 1580 (Invoice: AT/217446, GSTIN: 27AAFCA0512M1ZV) failed validation: GSTIN lookup failed: Legal name could not be resolved from GSTzen
2026-07-13 17:05:51,796 [WARNING] converter.validator: Row 1583 (Invoice: AT/220356, GSTIN: 27AAFCA0512M1ZV) failed validation: GSTIN lookup failed: Legal name could not be resolved from GSTzen
2026-07-13 17:05:51,796 [WARNING] converter.validator: Row 1584 (Invoice: AT/220356, GSTIN: 27AAFCA0512M1ZV) failed validation: GSTIN lookup failed: Legal name could not be resolved from GSTzen
2026-07-13 17:05:51,796 [WARNING] converter.validator: Row 1587 (Invoice: AT/228222, GSTIN: 27AAFCA0512M1ZV) failed validation: GSTIN lookup failed: Legal name could not be resolved from GSTzen
2026-07-13 17:05:51,797 [WARNING] converter.validator: Row 1588 (Invoice: AT/228222, GSTIN: 27AAFCA0512M1ZV) failed validation: GSTIN lookup failed: Legal name could not be resolved from GSTzen
2026-07-13 17:05:51,797 [WARNING] converter.validator: Row 1591 (Invoice: AT/232405, GSTIN: 27AAFCA0512M1ZV) failed validation: GSTIN lookup failed: Legal name could not be resolved from GSTzen
2026-07-13 17:05:51,797 [WARNING] converter.validator: Row 1592 (Invoice: AT/232405, GSTIN: 27AAFCA0512M1ZV) failed validation: GSTIN lookup failed: Legal name could not be resolved from GSTzen
2026-07-13 17:05:51,797 [WARNING] converter.validator: Row 1593 (Invoice: AT/232405, GSTIN: 27AAFCA0512M1ZV) failed validation: GSTIN lookup failed: Legal name could not be resolved from GSTzen
2026-07-13 17:05:51,797 [WARNING] converter.validator: Row 1594 (Invoice: AT/232405, GSTIN: 27AAFCA0512M1ZV) failed validation: GSTIN lookup failed: Legal name could not be resolved from GSTzen
2026-07-13 17:05:51,797 [WARNING] converter.validator: Row 1597 (Invoice: AT/234431, GSTIN: 27AAFCA0512M1ZV) failed validation: GSTIN lookup failed: Legal name could not be resolved from GSTzen
2026-07-13 17:05:51,798 [WARNING] converter.validator: Row 1598 (Invoice: AT/234431, GSTIN: 27AAFCA0512M1ZV) failed validation: GSTIN lookup failed: Legal name could not be resolved from GSTzen
2026-07-13 17:05:51,798 [WARNING] converter.validator: Row 1601 (Invoice: AT/240392, GSTIN: 27AAFCA0512M1ZV) failed validation: GSTIN lookup failed: Legal name could not be resolved from GSTzen
2026-07-13 17:05:51,798 [WARNING] converter.validator: Row 1604 (Invoice: AT/244417, GSTIN: 27AAFCA0512M1ZV) failed validation: GSTIN lookup failed: Legal name could not be resolved from GSTzen
2026-07-13 17:05:51,798 [WARNING] converter.validator: Row 1605 (Invoice: AT/244417, GSTIN: 27AAFCA0512M1ZV) failed validation: GSTIN lookup failed: Legal name could not be resolved from GSTzen
2026-07-13 17:05:51,798 [WARNING] converter.validator: Row 1608 (Invoice: AT/244425, GSTIN: 27AAFCA0512M1ZV) failed validation: GSTIN lookup failed: Legal name could not be resolved from GSTzen
2026-07-13 17:05:51,798 [WARNING] converter.validator: Row 1609 (Invoice: AT/244425, GSTIN: 27AAFCA0512M1ZV) failed validation: GSTIN lookup failed: Legal name could not be resolved from GSTzen
2026-07-13 17:05:51,799 [WARNING] converter.validator: Row 1612 (Invoice: AT/248216, GSTIN: 27AAFCA0512M1ZV) failed validation: GSTIN lookup failed: Legal name could not be resolved from GSTzen
2026-07-13 17:05:51,799 [WARNING] converter.validator: Row 1615 (Invoice: AT/250332, GSTIN: 27AAFCA0512M1ZV) failed validation: GSTIN lookup failed: Legal name could not be resolved from GSTzen
2026-07-13 17:05:51,799 [WARNING] converter.validator: Row 1618 (Invoice: AT/254764, GSTIN: 27AAFCA0512M1ZV) failed validation: GSTIN lookup failed: Legal name could not be resolved from GSTzen
2026-07-13 17:05:51,799 [WARNING] converter.validator: Row 1619 (Invoice: AT/254764, GSTIN: 27AAFCA0512M1ZV) failed validation: GSTIN lookup failed: Legal name could not be resolved from GSTzen
2026-07-13 17:05:51,799 [WARNING] converter.validator: Row 1622 (Invoice: AT/258993, GSTIN: 27AAFCA0512M1ZV) failed validation: GSTIN lookup failed: Legal name could not be resolved from GSTzen
2026-07-13 17:05:51,799 [WARNING] converter.validator: Row 1623 (Invoice: AT/258993, GSTIN: 27AAFCA0512M1ZV) failed validation: GSTIN lookup failed: Legal name could not be resolved from GSTzen
2026-07-13 17:05:51,800 [WARNING] converter.validator: Row 1626 (Invoice: AT/260854, GSTIN: 27AAFCA0512M1ZV) failed validation: GSTIN lookup failed: Legal name could not be resolved from GSTzen
2026-07-13 17:05:51,800 [WARNING] converter.validator: Row 1627 (Invoice: AT/260854, GSTIN: 27AAFCA0512M1ZV) failed validation: GSTIN lookup failed: Legal name could not be resolved from GSTzen
2026-07-13 17:05:51,800 [WARNING] converter.validator: Row 1630 (Invoice: CD/70823, GSTIN: 27ABGPJ4281M1ZA) failed validation: GSTIN lookup failed: Legal name could not be resolved from GSTzen
2026-07-13 17:05:51,800 [WARNING] converter.validator: Row 1631 (Invoice: CD/70823, GSTIN: 27ABGPJ4281M1ZA) failed validation: GSTIN lookup failed: Legal name could not be resolved from GSTzen
2026-07-13 17:05:51,800 [WARNING] converter.validator: Row 1634 (Invoice: CD/71624, GSTIN: 27ABGPJ4281M1ZA) failed validation: GSTIN lookup failed: Legal name could not be resolved from GSTzen
2026-07-13 17:05:51,800 [WARNING] converter.validator: Row 1637 (Invoice: CD/73360, GSTIN: 27ABGPJ4281M1ZA) failed validation: GSTIN lookup failed: Legal name could not be resolved from GSTzen
2026-07-13 17:05:51,801 [WARNING] converter.validator: Row 1638 (Invoice: CD/73360, GSTIN: 27ABGPJ4281M1ZA) failed validation: GSTIN lookup failed: Legal name could not be resolved from GSTzen
2026-07-13 17:05:51,801 [WARNING] converter.validator: Row 1641 (Invoice: CD/75527, GSTIN: 27ABGPJ4281M1ZA) failed validation: GSTIN lookup failed: Legal name could not be resolved from GSTzen
2026-07-13 17:05:51,801 [WARNING] converter.validator: Row 1642 (Invoice: CD/75527, GSTIN: 27ABGPJ4281M1ZA) failed validation: GSTIN lookup failed: Legal name could not be resolved from GSTzen
2026-07-13 17:05:51,801 [WARNING] converter.validator: Row 1645 (Invoice: CD/75528, GSTIN: 27ABGPJ4281M1ZA) failed validation: GSTIN lookup failed: Legal name could not be resolved from GSTzen
2026-07-13 17:05:51,801 [WARNING] converter.validator: Row 1648 (Invoice: CD/76177, GSTIN: 27ABGPJ4281M1ZA) failed validation: GSTIN lookup failed: Legal name could not be resolved from GSTzen
2026-07-13 17:05:51,801 [WARNING] converter.validator: Row 1649 (Invoice: CD/76177, GSTIN: 27ABGPJ4281M1ZA) failed validation: GSTIN lookup failed: Legal name could not be resolved from GSTzen
2026-07-13 17:05:51,802 [WARNING] converter.validator: Row 1652 (Invoice: CD/77785, GSTIN: 27ABGPJ4281M1ZA) failed validation: GSTIN lookup failed: Legal name could not be resolved from GSTzen
2026-07-13 17:05:51,802 [WARNING] converter.validator: Row 1653 (Invoice: CD/77785, GSTIN: 27ABGPJ4281M1ZA) failed validation: GSTIN lookup failed: Legal name could not be resolved from GSTzen
2026-07-13 17:05:51,802 [WARNING] converter.validator: Row 1654 (Invoice: CD/77785, GSTIN: 27ABGPJ4281M1ZA) failed validation: GSTIN lookup failed: Legal name could not be resolved from GSTzen
2026-07-13 17:05:51,802 [WARNING] converter.validator: Row 1657 (Invoice: CD/79085, GSTIN: 27ABGPJ4281M1ZA) failed validation: GSTIN lookup failed: Legal name could not be resolved from GSTzen
2026-07-13 17:05:51,802 [WARNING] converter.validator: Row 1658 (Invoice: CD/79085, GSTIN: 27ABGPJ4281M1ZA) failed validation: GSTIN lookup failed: Legal name could not be resolved from GSTzen
2026-07-13 17:05:51,802 [WARNING] converter.validator: Row 1661 (Invoice: CD/79632, GSTIN: 27ABGPJ4281M1ZA) failed validation: GSTIN lookup failed: Legal name could not be resolved from GSTzen
2026-07-13 17:05:51,803 [WARNING] converter.validator: Row 1662 (Invoice: CD/79632, GSTIN: 27ABGPJ4281M1ZA) failed validation: GSTIN lookup failed: Legal name could not be resolved from GSTzen
2026-07-13 17:05:51,803 [WARNING] converter.validator: Row 1665 (Invoice: CD/83546, GSTIN: 27ABGPJ4281M1ZA) failed validation: GSTIN lookup failed: Legal name could not be resolved from GSTzen
2026-07-13 17:05:51,803 [WARNING] converter.validator: Row 1668 (Invoice: CD/84328, GSTIN: 27ABGPJ4281M1ZA) failed validation: GSTIN lookup failed: Legal name could not be resolved from GSTzen
2026-07-13 17:05:51,803 [WARNING] converter.validator: Row 1671 (Invoice: CD/85938, GSTIN: 27ABGPJ4281M1ZA) failed validation: GSTIN lookup failed: Legal name could not be resolved from GSTzen
2026-07-13 17:05:51,803 [WARNING] converter.validator: Row 1674 (Invoice: CD/87453, GSTIN: 27ABGPJ4281M1ZA) failed validation: GSTIN lookup failed: Legal name could not be resolved from GSTzen
2026-07-13 17:05:51,803 [WARNING] converter.validator: Row 1675 (Invoice: CD/87453, GSTIN: 27ABGPJ4281M1ZA) failed validation: GSTIN lookup failed: Legal name could not be resolved from GSTzen
2026-07-13 17:05:51,803 [WARNING] converter.validator: Row 1676 (Invoice: CD/87453, GSTIN: 27ABGPJ4281M1ZA) failed validation: GSTIN lookup failed: Legal name could not be resolved from GSTzen
2026-07-13 17:05:51,804 [WARNING] converter.validator: Row 1679 (Invoice: CD/87482, GSTIN: 27ABGPJ4281M1ZA) failed validation: GSTIN lookup failed: Legal name could not be resolved from GSTzen
2026-07-13 17:05:51,804 [WARNING] converter.validator: Row 1680 (Invoice: CD/87482, GSTIN: 27ABGPJ4281M1ZA) failed validation: GSTIN lookup failed: Legal name could not be resolved from GSTzen
2026-07-13 17:05:51,804 [WARNING] converter.validator: Row 1700 (Invoice: F092525-A0092129, GSTIN: 27AARCA8823H1Z8) failed validation: GSTIN lookup failed: Legal name could not be resolved from GSTzen
2026-07-13 17:05:51,804 [WARNING] converter.validator: Row 1703 (Invoice: F092525-A0092640, GSTIN: 27AARCA8823H1Z8) failed validation: GSTIN lookup failed: Legal name could not be resolved from GSTzen
2026-07-13 17:05:51,805 [WARNING] converter.validator: Row 1706 (Invoice: F092525-A0093226, GSTIN: 27AARCA8823H1Z8) failed validation: GSTIN lookup failed: Legal name could not be resolved from GSTzen
2026-07-13 17:05:51,805 [WARNING] converter.validator: Row 1709 (Invoice: F092525-A0093591, GSTIN: 27AARCA8823H1Z8) failed validation: GSTIN lookup failed: Legal name could not be resolved from GSTzen
2026-07-13 17:05:51,805 [WARNING] converter.validator: Row 1712 (Invoice: F092525-A0095232, GSTIN: 27AARCA8823H1Z8) failed validation: GSTIN lookup failed: Legal name could not be resolved from GSTzen
2026-07-13 17:05:51,805 [WARNING] converter.validator: Row 1715 (Invoice: F092525-A0095246, GSTIN: 27AARCA8823H1Z8) failed validation: GSTIN lookup failed: Legal name could not be resolved from GSTzen
2026-07-13 17:05:51,805 [WARNING] converter.validator: Row 1718 (Invoice: F092525-A0095807, GSTIN: 27AARCA8823H1Z8) failed validation: GSTIN lookup failed: Legal name could not be resolved from GSTzen
2026-07-13 17:05:51,805 [WARNING] converter.validator: Row 1719 (Invoice: F092525-A0095807, GSTIN: 27AARCA8823H1Z8) failed validation: GSTIN lookup failed: Legal name could not be resolved from GSTzen
2026-07-13 17:05:51,806 [WARNING] converter.validator: Row 1722 (Invoice: F092525-A0096221, GSTIN: 27AARCA8823H1Z8) failed validation: GSTIN lookup failed: Legal name could not be resolved from GSTzen
2026-07-13 17:05:51,806 [WARNING] converter.validator: Row 1725 (Invoice: F092525-A0096864, GSTIN: 27AARCA8823H1Z8) failed validation: GSTIN lookup failed: Legal name could not be resolved from GSTzen
2026-07-13 17:05:51,806 [WARNING] converter.validator: Row 1726 (Invoice: F092525-A0096864, GSTIN: 27AARCA8823H1Z8) failed validation: GSTIN lookup failed: Legal name could not be resolved from GSTzen
2026-07-13 17:05:51,806 [WARNING] converter.validator: Row 1727 (Invoice: F092525-A0096864, GSTIN: 27AARCA8823H1Z8) failed validation: GSTIN lookup failed: Legal name could not be resolved from GSTzen
2026-07-13 17:05:51,809 [WARNING] converter.validator: Row 1730 (Invoice: F092525-A0097084, GSTIN: 27AARCA8823H1Z8) failed validation: GSTIN lookup failed: Legal name could not be resolved from GSTzen
2026-07-13 17:05:51,809 [WARNING] converter.validator: Row 1733 (Invoice: F092525-A0097466, GSTIN: 27AARCA8823H1Z8) failed validation: GSTIN lookup failed: Legal name could not be resolved from GSTzen
2026-07-13 17:05:51,809 [WARNING] converter.validator: Row 1734 (Invoice: F092525-A0097466, GSTIN: 27AARCA8823H1Z8) failed validation: GSTIN lookup failed: Legal name could not be resolved from GSTzen
2026-07-13 17:05:51,809 [WARNING] converter.validator: Row 1737 (Invoice: F092525-A0097534, GSTIN: 27AARCA8823H1Z8) failed validation: GSTIN lookup failed: Legal name could not be resolved from GSTzen
2026-07-13 17:05:51,809 [WARNING] converter.validator: Row 1738 (Invoice: F092525-A0097534, GSTIN: 27AARCA8823H1Z8) failed validation: GSTIN lookup failed: Legal name could not be resolved from GSTzen
2026-07-13 17:05:51,810 [WARNING] converter.validator: Row 1739 (Invoice: F092525-A0097534, GSTIN: 27AARCA8823H1Z8) failed validation: GSTIN lookup failed: Legal name could not be resolved from GSTzen
2026-07-13 17:05:51,810 [WARNING] converter.validator: Row 1742 (Invoice: F092525-A0098002, GSTIN: 27AARCA8823H1Z8) failed validation: GSTIN lookup failed: Legal name could not be resolved from GSTzen
2026-07-13 17:05:51,810 [WARNING] converter.validator: Row 1745 (Invoice: F092525-A0098423, GSTIN: 27AARCA8823H1Z8) failed validation: GSTIN lookup failed: Legal name could not be resolved from GSTzen
2026-07-13 17:05:51,810 [WARNING] converter.validator: Row 1748 (Invoice: F092525-A0099342, GSTIN: 27AARCA8823H1Z8) failed validation: GSTIN lookup failed: Legal name could not be resolved from GSTzen
2026-07-13 17:05:51,810 [WARNING] converter.validator: Row 1751 (Invoice: F092525-A0099465, GSTIN: 27AARCA8823H1Z8) failed validation: GSTIN lookup failed: Legal name could not be resolved from GSTzen
2026-07-13 17:05:51,810 [WARNING] converter.validator: Row 1754 (Invoice: F092525-A0100619, GSTIN: 27AARCA8823H1Z8) failed validation: GSTIN lookup failed: Legal name could not be resolved from GSTzen
2026-07-13 17:05:51,810 [WARNING] converter.validator: Row 1757 (Invoice: F092525-A0100621, GSTIN: 27AARCA8823H1Z8) failed validation: GSTIN lookup failed: Legal name could not be resolved from GSTzen
2026-07-13 17:05:51,810 [WARNING] converter.validator: Row 1760 (Invoice: F092525-A0101912, GSTIN: 27AARCA8823H1Z8) failed validation: GSTIN lookup failed: Legal name could not be resolved from GSTzen
2026-07-13 17:05:51,810 [WARNING] converter.validator: Row 1761 (Invoice: F092525-A0101912, GSTIN: 27AARCA8823H1Z8) failed validation: GSTIN lookup failed: Legal name could not be resolved from GSTzen
2026-07-13 17:05:51,811 [WARNING] converter.validator: Row 1764 (Invoice: F092525-A0102316, GSTIN: 27AARCA8823H1Z8) failed validation: GSTIN lookup failed: Legal name could not be resolved from GSTzen
2026-07-13 17:05:51,811 [WARNING] converter.validator: Row 1767 (Invoice: F092525-A0102318, GSTIN: 27AARCA8823H1Z8) failed validation: GSTIN lookup failed: Legal name could not be resolved from GSTzen
2026-07-13 17:05:51,811 [WARNING] converter.validator: Row 1770 (Invoice: F092525-A0103141, GSTIN: 27AARCA8823H1Z8) failed validation: GSTIN lookup failed: Legal name could not be resolved from GSTzen
2026-07-13 17:05:51,811 [WARNING] converter.validator: Row 1773 (Invoice: F092525-A0103257, GSTIN: 27AARCA8823H1Z8) failed validation: GSTIN lookup failed: Legal name could not be resolved from GSTzen
2026-07-13 17:05:51,811 [WARNING] converter.validator: Row 1774 (Invoice: F092525-A0103257, GSTIN: 27AARCA8823H1Z8) failed validation: GSTIN lookup failed: Legal name could not be resolved from GSTzen
2026-07-13 17:05:51,811 [WARNING] converter.validator: Row 1775 (Invoice: F092525-A0103257, GSTIN: 27AARCA8823H1Z8) failed validation: GSTIN lookup failed: Legal name could not be resolved from GSTzen
2026-07-13 17:05:51,811 [WARNING] converter.validator: Row 1778 (Invoice: F092525-A0103592, GSTIN: 27AARCA8823H1Z8) failed validation: GSTIN lookup failed: Legal name could not be resolved from GSTzen
2026-07-13 17:05:51,811 [WARNING] converter.validator: Row 1779 (Invoice: F092525-A0103592, GSTIN: 27AARCA8823H1Z8) failed validation: GSTIN lookup failed: Legal name could not be resolved from GSTzen
2026-07-13 17:05:51,811 [WARNING] converter.validator: Row 1782 (Invoice: F092525-A0103612, GSTIN: 27AARCA8823H1Z8) failed validation: GSTIN lookup failed: Legal name could not be resolved from GSTzen
2026-07-13 17:05:51,811 [WARNING] converter.validator: Row 1783 (Invoice: F092525-A0103612, GSTIN: 27AARCA8823H1Z8) failed validation: GSTIN lookup failed: Legal name could not be resolved from GSTzen
2026-07-13 17:05:51,811 [WARNING] converter.validator: Row 1786 (Invoice: F092525-A0105073, GSTIN: 27AARCA8823H1Z8) failed validation: GSTIN lookup failed: Legal name could not be resolved from GSTzen
2026-07-13 17:05:51,811 [WARNING] converter.validator: Row 1789 (Invoice: F092525-A0105586, GSTIN: 27AARCA8823H1Z8) failed validation: GSTIN lookup failed: Legal name could not be resolved from GSTzen
2026-07-13 17:05:51,812 [WARNING] converter.validator: Row 1792 (Invoice: F092525-A0105856, GSTIN: 27AARCA8823H1Z8) failed validation: GSTIN lookup failed: Legal name could not be resolved from GSTzen
2026-07-13 17:05:51,812 [WARNING] converter.validator: Row 1793 (Invoice: F092525-A0105856, GSTIN: 27AARCA8823H1Z8) failed validation: GSTIN lookup failed: Legal name could not be resolved from GSTzen
2026-07-13 17:05:51,812 [WARNING] converter.validator: Row 1796 (Invoice: F092525-A0107699, GSTIN: 27AARCA8823H1Z8) failed validation: GSTIN lookup failed: Legal name could not be resolved from GSTzen
2026-07-13 17:05:51,812 [WARNING] converter.validator: Row 1799 (Invoice: F092525-A0107886, GSTIN: 27AARCA8823H1Z8) failed validation: GSTIN lookup failed: Legal name could not be resolved from GSTzen
2026-07-13 17:05:51,812 [WARNING] converter.validator: Row 1802 (Invoice: F092525-A0109898, GSTIN: 27AARCA8823H1Z8) failed validation: GSTIN lookup failed: Legal name could not be resolved from GSTzen
2026-07-13 17:05:51,812 [WARNING] converter.validator: Row 1803 (Invoice: F092525-A0109898, GSTIN: 27AARCA8823H1Z8) failed validation: GSTIN lookup failed: Legal name could not be resolved from GSTzen
2026-07-13 17:05:51,812 [WARNING] converter.validator: Row 1806 (Invoice: F092525-A0110244, GSTIN: 27AARCA8823H1Z8) failed validation: GSTIN lookup failed: Legal name could not be resolved from GSTzen
2026-07-13 17:05:51,812 [WARNING] converter.validator: Row 1809 (Invoice: F092525-A0111436, GSTIN: 27AARCA8823H1Z8) failed validation: GSTIN lookup failed: Legal name could not be resolved from GSTzen
2026-07-13 17:05:51,812 [WARNING] converter.validator: Row 1812 (Invoice: F092525-A0111828, GSTIN: 27AARCA8823H1Z8) failed validation: GSTIN lookup failed: Legal name could not be resolved from GSTzen
2026-07-13 17:05:51,813 [WARNING] converter.validator: Row 1813 (Invoice: F092525-A0111828, GSTIN: 27AARCA8823H1Z8) failed validation: GSTIN lookup failed: Legal name could not be resolved from GSTzen
2026-07-13 17:05:51,813 [WARNING] converter.validator: Row 1816 (Invoice: F092525-A0113407, GSTIN: 27AARCA8823H1Z8) failed validation: GSTIN lookup failed: Legal name could not be resolved from GSTzen
2026-07-13 17:05:51,813 [WARNING] converter.validator: Row 1819 (Invoice: F092525-A0114221, GSTIN: 27AARCA8823H1Z8) failed validation: GSTIN lookup failed: Legal name could not be resolved from GSTzen
2026-07-13 17:05:51,813 [WARNING] converter.validator: Row 1820 (Invoice: F092525-A0114221, GSTIN: 27AARCA8823H1Z8) failed validation: GSTIN lookup failed: Legal name could not be resolved from GSTzen
2026-07-13 17:05:51,813 [WARNING] converter.validator: Row 1823 (Invoice: F092525-A0114569, GSTIN: 27AARCA8823H1Z8) failed validation: GSTIN lookup failed: Legal name could not be resolved from GSTzen
2026-07-13 17:05:51,813 [WARNING] converter.validator: Row 1826 (Invoice: F092525-A0114803, GSTIN: 27AARCA8823H1Z8) failed validation: GSTIN lookup failed: Legal name could not be resolved from GSTzen
2026-07-13 17:05:51,813 [WARNING] converter.validator: Row 1827 (Invoice: F092525-A0114803, GSTIN: 27AARCA8823H1Z8) failed validation: GSTIN lookup failed: Legal name could not be resolved from GSTzen
2026-07-13 17:05:51,814 [WARNING] converter.validator: Row 1828 (Invoice: F092525-A0114803, GSTIN: 27AARCA8823H1Z8) failed validation: GSTIN lookup failed: Legal name could not be resolved from GSTzen
2026-07-13 17:05:51,814 [WARNING] converter.validator: Row 1831 (Invoice: F092525-A0115882, GSTIN: 27AARCA8823H1Z8) failed validation: GSTIN lookup failed: Legal name could not be resolved from GSTzen
2026-07-13 17:05:51,814 [WARNING] converter.validator: Row 1834 (Invoice: F092525-A0115895, GSTIN: 27AARCA8823H1Z8) failed validation: GSTIN lookup failed: Legal name could not be resolved from GSTzen
2026-07-13 17:05:51,814 [WARNING] converter.validator: Row 1837 (Invoice: F092525-A0116154, GSTIN: 27AARCA8823H1Z8) failed validation: GSTIN lookup failed: Legal name could not be resolved from GSTzen
2026-07-13 17:05:51,814 [WARNING] converter.validator: Row 1840 (Invoice: F092525-A0116159, GSTIN: 27AARCA8823H1Z8) failed validation: GSTIN lookup failed: Legal name could not be resolved from GSTzen
2026-07-13 17:05:51,814 [WARNING] converter.validator: Row 1843 (Invoice: F092525-A0116716, GSTIN: 27AARCA8823H1Z8) failed validation: GSTIN lookup failed: Legal name could not be resolved from GSTzen
2026-07-13 17:05:51,814 [WARNING] converter.validator: Row 1844 (Invoice: F092525-A0116716, GSTIN: 27AARCA8823H1Z8) failed validation: GSTIN lookup failed: Legal name could not be resolved from GSTzen
2026-07-13 17:05:51,814 [WARNING] converter.validator: Row 1847 (Invoice: F092525-A0117230, GSTIN: 27AARCA8823H1Z8) failed validation: GSTIN lookup failed: Legal name could not be resolved from GSTzen
2026-07-13 17:05:51,815 [WARNING] converter.validator: Row 1850 (Invoice: F092525-A0117684, GSTIN: 27AARCA8823H1Z8) failed validation: GSTIN lookup failed: Legal name could not be resolved from GSTzen
2026-07-13 17:05:51,815 [WARNING] converter.validator: Row 1851 (Invoice: F092525-A0117684, GSTIN: 27AARCA8823H1Z8) failed validation: GSTIN lookup failed: Legal name could not be resolved from GSTzen
2026-07-13 17:05:51,815 [WARNING] converter.validator: Row 1854 (Invoice: F092525-A0117967, GSTIN: 27AARCA8823H1Z8) failed validation: GSTIN lookup failed: Legal name could not be resolved from GSTzen
2026-07-13 17:05:51,815 [WARNING] converter.validator: Row 1855 (Invoice: F092525-A0117967, GSTIN: 27AARCA8823H1Z8) failed validation: GSTIN lookup failed: Legal name could not be resolved from GSTzen
2026-07-13 17:05:51,815 [WARNING] converter.validator: Row 1858 (Invoice: CGVIR-25-I059132, GSTIN: 27AABCC7475M1Z5) failed validation: GSTIN lookup failed: Legal name could not be resolved from GSTzen
2026-07-13 17:05:51,815 [WARNING] converter.validator: Row 1859 (Invoice: CGVIR-25-I059132, GSTIN: 27AABCC7475M1Z5) failed validation: GSTIN lookup failed: Legal name could not be resolved from GSTzen
2026-07-13 17:05:51,815 [WARNING] converter.validator: Row 1862 (Invoice: CGVIR-25-I060997, GSTIN: 27AABCC7475M1Z5) failed validation: GSTIN lookup failed: Legal name could not be resolved from GSTzen
2026-07-13 17:05:51,816 [WARNING] converter.validator: Row 1865 (Invoice: CGVIR-25-I062822, GSTIN: 27AABCC7475M1Z5) failed validation: GSTIN lookup failed: Legal name could not be resolved from GSTzen
2026-07-13 17:05:51,816 [WARNING] converter.validator: Row 1868 (Invoice: CGVIR-25-I064511, GSTIN: 27AABCC7475M1Z5) failed validation: GSTIN lookup failed: Legal name could not be resolved from GSTzen
2026-07-13 17:05:51,816 [WARNING] converter.validator: Row 1871 (Invoice: CGVIR-25-I066242, GSTIN: 27AABCC7475M1Z5) failed validation: GSTIN lookup failed: Legal name could not be resolved from GSTzen
2026-07-13 17:05:51,816 [WARNING] converter.validator: Row 1872 (Invoice: CGVIR-25-I066242, GSTIN: 27AABCC7475M1Z5) failed validation: GSTIN lookup failed: Legal name could not be resolved from GSTzen
2026-07-13 17:05:51,816 [WARNING] converter.validator: Row 1875 (Invoice: CGVIR-25-I067182, GSTIN: 27AABCC7475M1Z5) failed validation: GSTIN lookup failed: Legal name could not be resolved from GSTzen
2026-07-13 17:05:51,816 [WARNING] converter.validator: Row 1878 (Invoice: CGVIR-25-I069053, GSTIN: 27AABCC7475M1Z5) failed validation: GSTIN lookup failed: Legal name could not be resolved from GSTzen
2026-07-13 17:05:51,816 [WARNING] converter.validator: Row 1879 (Invoice: CGVIR-25-I069053, GSTIN: 27AABCC7475M1Z5) failed validation: GSTIN lookup failed: Legal name could not be resolved from GSTzen
2026-07-13 17:05:51,816 [WARNING] converter.validator: Row 1882 (Invoice: CGVIR-25-I070305, GSTIN: 27AABCC7475M1Z5) failed validation: GSTIN lookup failed: Legal name could not be resolved from GSTzen
2026-07-13 17:05:51,816 [WARNING] converter.validator: Row 1883 (Invoice: CGVIR-25-I070305, GSTIN: 27AABCC7475M1Z5) failed validation: GSTIN lookup failed: Legal name could not be resolved from GSTzen
2026-07-13 17:05:51,816 [WARNING] converter.validator: Row 1886 (Invoice: CGVIR-25-I071208, GSTIN: 27AABCC7475M1Z5) failed validation: GSTIN lookup failed: Legal name could not be resolved from GSTzen
2026-07-13 17:05:51,816 [WARNING] converter.validator: Row 1889 (Invoice: CGVIR-25-I072108, GSTIN: 27AABCC7475M1Z5) failed validation: GSTIN lookup failed: Legal name could not be resolved from GSTzen
2026-07-13 17:05:51,816 [WARNING] converter.validator: Row 1890 (Invoice: CGVIR-25-I072108, GSTIN: 27AABCC7475M1Z5) failed validation: GSTIN lookup failed: Legal name could not be resolved from GSTzen
2026-07-13 17:05:51,817 [WARNING] converter.validator: Row 1922 (Invoice: S/3058, GSTIN: 27BUGPS4360G1ZE) failed validation: GSTIN lookup failed: Legal name could not be resolved from GSTzen
2026-07-13 17:05:51,817 [WARNING] converter.validator: Row 1923 (Invoice: S/3058, GSTIN: 27BUGPS4360G1ZE) failed validation: GSTIN lookup failed: Legal name could not be resolved from GSTzen
2026-07-13 17:05:51,817 [WARNING] converter.validator: Row 1924 (Invoice: S/3058, GSTIN: 27BUGPS4360G1ZE) failed validation: GSTIN lookup failed: Legal name could not be resolved from GSTzen
2026-07-13 17:05:51,817 [WARNING] converter.validator: Row 1925 (Invoice: S/3058, GSTIN: 27BUGPS4360G1ZE) failed validation: GSTIN lookup failed: Legal name could not be resolved from GSTzen
2026-07-13 17:05:51,817 [WARNING] converter.validator: Row 1928 (Invoice: DR252626815370, GSTIN: 29AACCF1132H2ZX) failed validation: Inter-state transaction with IGST=7.47 is not supported by Tally template (no IGST columns)
2026-07-13 17:05:51,817 [WARNING] converter.validator: Row 1931 (Invoice: P252614265545, GSTIN: 29AACCF1132H2ZX) failed validation: Inter-state transaction with IGST=187.26 is not supported by Tally template (no IGST columns)
2026-07-13 17:05:51,817 [WARNING] converter.validator: Row 1934 (Invoice: VA252675678744, GSTIN: 29AACCF1132H2ZX) failed validation: Inter-state transaction with IGST=2.9 is not supported by Tally template (no IGST columns)
2026-07-13 17:05:51,817 [INFO] converter.validator: Validation complete. Valid: 563, Errors: 291
2026-07-13 17:05:51,818 [INFO] converter.mapper: Grouping complete. Found 356 unique invoices from 563 rows.
2026-07-13 17:05:51,822 [INFO] converter.mapper: Mapping complete. Generated 563 rows for Tally import.
2026-07-13 17:05:51,824 [INFO] converter.exporter: Copying template from D:\CA-RMHStaffPortal\2A-2B convertion\templates\PURCHASE IMPORT MAY.xlsx to D:\CA-RMHStaffPortal\2A-2B convertion\output\Purchase_Import_Output.xlsx...
2026-07-13 17:05:51,880 [INFO] converter.exporter: Caching styling from first data row...
2026-07-13 17:05:51,931 [INFO] converter.exporter: Clearing 52 sample data rows from Sheet2...
2026-07-13 17:05:51,935 [INFO] converter.exporter: Writing 563 mapped rows to Sheet2...
2026-07-13 17:06:02,644 [INFO] converter.exporter: Setting up the Errors worksheet...
2026-07-13 17:06:02,645 [INFO] converter.exporter: Writing 291 error rows to Errors sheet...
2026-07-13 17:06:03,853 [INFO] converter.exporter: Output workbook successfully saved to D:\CA-RMHStaffPortal\2A-2B convertion\output\Purchase_Import_Output.xlsx